<?xml version="1.0" encoding="UTF-8"?>
<TestRun id="4662e8c8-9f3f-49d3-92e0-3b324092ed04" name="shawn@SHAWNPC 2012-04-19 22:24:20" runUser="shawnPC\shawn" xmlns="http://microsoft.com/schemas/VisualStudio/TeamTest/2010">
  <TestSettings name="本地" id="d231aa31-7060-47bd-87ca-40e211ac9d53">
    <Description>这些设置为本地测试运行的默认测试设置。</Description>
    <Deployment enabled="false" runDeploymentRoot="shawn_SHAWNPC 2012-04-19 22_24_20">
      <DeploymentItem filename="G:\bowlingGameScoring\bowlingGameScoring\bin\Debug\bowlingGameScoring.exe" />
    </Deployment>
    <Execution>
      <TestTypeSpecific />
      <AgentRule name="Execution Agents">
      </AgentRule>
    </Execution>
  </TestSettings>
  <Times creation="2012-04-19T22:24:20.0101095+08:00" queuing="2012-04-19T22:24:21.4041893+08:00" start="2012-04-19T22:24:21.4241904+08:00" finish="2012-04-19T22:24:21.9012177+08:00" />
  <ResultSummary outcome="Completed">
    <Counters total="6" executed="6" passed="6" error="0" failed="0" timeout="0" aborted="0" inconclusive="0" passedButRunAborted="0" notRunnable="0" notExecuted="0" disconnected="0" warning="0" completed="0" inProgress="0" pending="0" />
  </ResultSummary>
  <TestDefinitions>
    <UnitTest name="TestStrike" storage="g:\bowlinggamescoring\bowlinggamescoringtest\bin\debug\bowlinggamescoringtest.dll" id="b5fc92a2-8320-7ef1-8540-1119f76ba927">
      <Execution id="066fe4ff-9e52-4056-a501-d8ffb18dcee6" />
      <TestMethod codeBase="G:/bowlingGameScoring/bowlingGameScoringTest/bin/Debug/bowlingGameScoringTest.DLL" adapterTypeName="Microsoft.VisualStudio.TestTools.TestTypes.Unit.UnitTestAdapter, Microsoft.VisualStudio.QualityTools.Tips.UnitTest.Adapter, Version=10.0.0.0, Culture=neutral, PublicKeyToken=b03f5f7f11d50a3a" className="bowlingGameScoringTest.ScoringTest, bowlingGameScoringTest, Version=1.0.0.0, Culture=neutral, PublicKeyToken=null" name="TestStrike" />
    </UnitTest>
    <UnitTest name="GameIntegrationTest" storage="g:\bowlinggamescoring\bowlinggamescoringtest\bin\debug\bowlinggamescoringtest.dll" id="89796119-9a35-42e1-5987-1bb101620012">
      <Execution id="474e211c-7a17-4874-ab91-452b879f8c2b" />
      <TestMethod codeBase="G:/bowlingGameScoring/bowlingGameScoringTest/bin/Debug/bowlingGameScoringTest.DLL" adapterTypeName="Microsoft.VisualStudio.TestTools.TestTypes.Unit.UnitTestAdapter, Microsoft.VisualStudio.QualityTools.Tips.UnitTest.Adapter, Version=10.0.0.0, Culture=neutral, PublicKeyToken=b03f5f7f11d50a3a" className="bowlingGameScoringTest.GameTest, bowlingGameScoringTest, Version=1.0.0.0, Culture=neutral, PublicKeyToken=null" name="GameIntegrationTest" />
    </UnitTest>
    <UnitTest name="TestRoundAddDownPins" storage="g:\bowlinggamescoring\bowlinggamescoringtest\bin\debug\bowlinggamescoringtest.dll" id="6c2edac0-3b24-28e6-eb58-fa5042373861">
      <Execution id="e75fc47c-a7c7-4577-9e92-3d5e04c8955f" />
      <TestMethod codeBase="G:/bowlingGameScoring/bowlingGameScoringTest/bin/Debug/bowlingGameScoringTest.DLL" adapterTypeName="Microsoft.VisualStudio.TestTools.TestTypes.Unit.UnitTestAdapter, Microsoft.VisualStudio.QualityTools.Tips.UnitTest.Adapter, Version=10.0.0.0, Culture=neutral, PublicKeyToken=b03f5f7f11d50a3a" className="bowlingGameScoringTest.ScoringTest, bowlingGameScoringTest, Version=1.0.0.0, Culture=neutral, PublicKeyToken=null" name="TestRoundAddDownPins" />
    </UnitTest>
    <UnitTest name="TestGameScore" storage="g:\bowlinggamescoring\bowlinggamescoringtest\bin\debug\bowlinggamescoringtest.dll" id="c719e108-99f3-9347-daca-1bc4a0e9aa2c">
      <Execution id="0d7c0f9c-c1be-4c2a-b13b-af242220b9b8" />
      <TestMethod codeBase="G:/bowlingGameScoring/bowlingGameScoringTest/bin/Debug/bowlingGameScoringTest.DLL" adapterTypeName="Microsoft.VisualStudio.TestTools.TestTypes.Unit.UnitTestAdapter, Microsoft.VisualStudio.QualityTools.Tips.UnitTest.Adapter, Version=10.0.0.0, Culture=neutral, PublicKeyToken=b03f5f7f11d50a3a" className="bowlingGameScoringTest.GameTest, bowlingGameScoringTest, Version=1.0.0.0, Culture=neutral, PublicKeyToken=null" name="TestGameScore" />
    </UnitTest>
    <UnitTest name="TestSpare" storage="g:\bowlinggamescoring\bowlinggamescoringtest\bin\debug\bowlinggamescoringtest.dll" id="a5ec84be-fa88-6496-d3e4-66be4442fdd3">
      <Execution id="47d6aa5e-e9c6-4c7b-b46b-0caaa0f88483" />
      <TestMethod codeBase="G:/bowlingGameScoring/bowlingGameScoringTest/bin/Debug/bowlingGameScoringTest.DLL" adapterTypeName="Microsoft.VisualStudio.TestTools.TestTypes.Unit.UnitTestAdapter, Microsoft.VisualStudio.QualityTools.Tips.UnitTest.Adapter, Version=10.0.0.0, Culture=neutral, PublicKeyToken=b03f5f7f11d50a3a" className="bowlingGameScoringTest.ScoringTest, bowlingGameScoringTest, Version=1.0.0.0, Culture=neutral, PublicKeyToken=null" name="TestSpare" />
    </UnitTest>
    <UnitTest name="ScoringIntegrationTest" storage="g:\bowlinggamescoring\bowlinggamescoringtest\bin\debug\bowlinggamescoringtest.dll" id="55083a6c-9bed-7243-760e-c1f4b7909541">
      <Execution id="f774e6c7-33f4-4e65-852f-243b5653ae60" />
      <TestMethod codeBase="G:/bowlingGameScoring/bowlingGameScoringTest/bin/Debug/bowlingGameScoringTest.DLL" adapterTypeName="Microsoft.VisualStudio.TestTools.TestTypes.Unit.UnitTestAdapter, Microsoft.VisualStudio.QualityTools.Tips.UnitTest.Adapter, Version=10.0.0.0, Culture=neutral, PublicKeyToken=b03f5f7f11d50a3a" className="bowlingGameScoringTest.ScoringTest, bowlingGameScoringTest, Version=1.0.0.0, Culture=neutral, PublicKeyToken=null" name="ScoringIntegrationTest" />
    </UnitTest>
  </TestDefinitions>
  <TestLists>
    <TestList name="列表中未列出的结果" id="8c84fa94-04c1-424b-9868-57a2d4851a1d" />
    <TestList name="所有已加载的结果" id="19431567-8539-422a-85d7-44ee4e166bda" />
  </TestLists>
  <TestEntries>
    <TestEntry testId="6c2edac0-3b24-28e6-eb58-fa5042373861" executionId="e75fc47c-a7c7-4577-9e92-3d5e04c8955f" testListId="8c84fa94-04c1-424b-9868-57a2d4851a1d" />
    <TestEntry testId="a5ec84be-fa88-6496-d3e4-66be4442fdd3" executionId="47d6aa5e-e9c6-4c7b-b46b-0caaa0f88483" testListId="8c84fa94-04c1-424b-9868-57a2d4851a1d" />
    <TestEntry testId="b5fc92a2-8320-7ef1-8540-1119f76ba927" executionId="066fe4ff-9e52-4056-a501-d8ffb18dcee6" testListId="8c84fa94-04c1-424b-9868-57a2d4851a1d" />
    <TestEntry testId="55083a6c-9bed-7243-760e-c1f4b7909541" executionId="f774e6c7-33f4-4e65-852f-243b5653ae60" testListId="8c84fa94-04c1-424b-9868-57a2d4851a1d" />
    <TestEntry testId="c719e108-99f3-9347-daca-1bc4a0e9aa2c" executionId="0d7c0f9c-c1be-4c2a-b13b-af242220b9b8" testListId="8c84fa94-04c1-424b-9868-57a2d4851a1d" />
    <TestEntry testId="89796119-9a35-42e1-5987-1bb101620012" executionId="474e211c-7a17-4874-ab91-452b879f8c2b" testListId="8c84fa94-04c1-424b-9868-57a2d4851a1d" />
  </TestEntries>
  <Results>
    <UnitTestResult executionId="e75fc47c-a7c7-4577-9e92-3d5e04c8955f" testId="6c2edac0-3b24-28e6-eb58-fa5042373861" testName="TestRoundAddDownPins" computerName="SHAWNPC" duration="00:00:00.0212985" startTime="2012-04-19T22:24:21.4391913+08:00" endTime="2012-04-19T22:24:21.7502091+08:00" testType="13cdc9d9-ddb5-4fa4-a97d-d965ccfc6d4b" outcome="Passed" testListId="8c84fa94-04c1-424b-9868-57a2d4851a1d" relativeResultsDirectory="e75fc47c-a7c7-4577-9e92-3d5e04c8955f">
    </UnitTestResult>
    <UnitTestResult executionId="47d6aa5e-e9c6-4c7b-b46b-0caaa0f88483" testId="a5ec84be-fa88-6496-d3e4-66be4442fdd3" testName="TestSpare" computerName="SHAWNPC" duration="00:00:00.0004712" startTime="2012-04-19T22:24:21.7592096+08:00" endTime="2012-04-19T22:24:21.7682101+08:00" testType="13cdc9d9-ddb5-4fa4-a97d-d965ccfc6d4b" outcome="Passed" testListId="8c84fa94-04c1-424b-9868-57a2d4851a1d" relativeResultsDirectory="47d6aa5e-e9c6-4c7b-b46b-0caaa0f88483">
    </UnitTestResult>
    <UnitTestResult executionId="066fe4ff-9e52-4056-a501-d8ffb18dcee6" testId="b5fc92a2-8320-7ef1-8540-1119f76ba927" testName="TestStrike" computerName="SHAWNPC" duration="00:00:00.0006569" startTime="2012-04-19T22:24:21.7722103+08:00" endTime="2012-04-19T22:24:21.7812108+08:00" testType="13cdc9d9-ddb5-4fa4-a97d-d965ccfc6d4b" outcome="Passed" testListId="8c84fa94-04c1-424b-9868-57a2d4851a1d" relativeResultsDirectory="066fe4ff-9e52-4056-a501-d8ffb18dcee6">
    </UnitTestResult>
    <UnitTestResult executionId="f774e6c7-33f4-4e65-852f-243b5653ae60" testId="55083a6c-9bed-7243-760e-c1f4b7909541" testName="ScoringIntegrationTest" computerName="SHAWNPC" duration="00:00:00.0006599" startTime="2012-04-19T22:24:21.7832109+08:00" endTime="2012-04-19T22:24:21.7902114+08:00" testType="13cdc9d9-ddb5-4fa4-a97d-d965ccfc6d4b" outcome="Passed" testListId="8c84fa94-04c1-424b-9868-57a2d4851a1d" relativeResultsDirectory="f774e6c7-33f4-4e65-852f-243b5653ae60">
    </UnitTestResult>
    <UnitTestResult executionId="0d7c0f9c-c1be-4c2a-b13b-af242220b9b8" testId="c719e108-99f3-9347-daca-1bc4a0e9aa2c" testName="TestGameScore" computerName="SHAWNPC" duration="00:00:00.0017622" startTime="2012-04-19T22:24:21.7952116+08:00" endTime="2012-04-19T22:24:21.8252134+08:00" testType="13cdc9d9-ddb5-4fa4-a97d-d965ccfc6d4b" outcome="Passed" testListId="8c84fa94-04c1-424b-9868-57a2d4851a1d" relativeResultsDirectory="0d7c0f9c-c1be-4c2a-b13b-af242220b9b8">
    </UnitTestResult>
    <UnitTestResult executionId="474e211c-7a17-4874-ab91-452b879f8c2b" testId="89796119-9a35-42e1-5987-1bb101620012" testName="GameIntegrationTest" computerName="SHAWNPC" duration="00:00:00.0013076" startTime="2012-04-19T22:24:21.8422143+08:00" endTime="2012-04-19T22:24:21.8522149+08:00" testType="13cdc9d9-ddb5-4fa4-a97d-d965ccfc6d4b" outcome="Passed" testListId="8c84fa94-04c1-424b-9868-57a2d4851a1d" relativeResultsDirectory="474e211c-7a17-4874-ab91-452b879f8c2b">
    </UnitTestResult>
  </Results>
</TestRun>