<?xml version="1.0" encoding="UTF-8"?>
<TestRun id="50ebc27b-c043-4b80-802f-d24494493db9" name="shawn@SHAWNPC 2012-04-17 22:22:35" runUser="shawnPC\shawn" xmlns="http://microsoft.com/schemas/VisualStudio/TeamTest/2010">
  <TestSettings name="本地" id="d231aa31-7060-47bd-87ca-40e211ac9d53">
    <Description>这些设置为本地测试运行的默认测试设置。</Description>
    <Deployment enabled="false" runDeploymentRoot="shawn_SHAWNPC 2012-04-17 22_22_35">
      <DeploymentItem filename="G:\bowlingGameScoring\bowlingGameScoring\bin\Debug\bowlingGameScoring.exe" />
    </Deployment>
    <Execution>
      <TestTypeSpecific />
      <AgentRule name="Execution Agents">
      </AgentRule>
    </Execution>
  </TestSettings>
  <Times creation="2012-04-17T22:22:35.8914183+08:00" queuing="2012-04-17T22:22:37.6365181+08:00" start="2012-04-17T22:22:37.8175285+08:00" finish="2012-04-17T22:22:38.9915956+08:00" />
  <ResultSummary outcome="Failed">
    <Counters total="5" executed="5" passed="4" error="0" failed="1" timeout="0" aborted="0" inconclusive="0" passedButRunAborted="0" notRunnable="0" notExecuted="0" disconnected="0" warning="0" completed="0" inProgress="0" pending="0" />
  </ResultSummary>
  <TestDefinitions>
    <UnitTest name="TestStrike" storage="g:\bowlinggamescoring\bowlinggamescoringtest\bin\debug\bowlinggamescoringtest.dll" id="b5fc92a2-8320-7ef1-8540-1119f76ba927">
      <Execution id="079f0479-189a-4720-befb-8ff02ead0cfa" />
      <TestMethod codeBase="G:/bowlingGameScoring/bowlingGameScoringTest/bin/Debug/bowlingGameScoringTest.DLL" adapterTypeName="Microsoft.VisualStudio.TestTools.TestTypes.Unit.UnitTestAdapter, Microsoft.VisualStudio.QualityTools.Tips.UnitTest.Adapter, Version=10.0.0.0, Culture=neutral, PublicKeyToken=b03f5f7f11d50a3a" className="bowlingGameScoringTest.ScoringTest, bowlingGameScoringTest, Version=1.0.0.0, Culture=neutral, PublicKeyToken=null" name="TestStrike" />
    </UnitTest>
    <UnitTest name="TestRoundAddDownPins" storage="g:\bowlinggamescoring\bowlinggamescoringtest\bin\debug\bowlinggamescoringtest.dll" id="6c2edac0-3b24-28e6-eb58-fa5042373861">
      <Execution id="c4dafe00-a5ba-4900-aadc-575c809f24be" />
      <TestMethod codeBase="G:/bowlingGameScoring/bowlingGameScoringTest/bin/Debug/bowlingGameScoringTest.DLL" adapterTypeName="Microsoft.VisualStudio.TestTools.TestTypes.Unit.UnitTestAdapter, Microsoft.VisualStudio.QualityTools.Tips.UnitTest.Adapter, Version=10.0.0.0, Culture=neutral, PublicKeyToken=b03f5f7f11d50a3a" className="bowlingGameScoringTest.ScoringTest, bowlingGameScoringTest, Version=1.0.0.0, Culture=neutral, PublicKeyToken=null" name="TestRoundAddDownPins" />
    </UnitTest>
    <UnitTest name="TestSpare" storage="g:\bowlinggamescoring\bowlinggamescoringtest\bin\debug\bowlinggamescoringtest.dll" id="a5ec84be-fa88-6496-d3e4-66be4442fdd3">
      <Execution id="13e96262-1ffe-4639-ad10-b590cbdcd9de" />
      <TestMethod codeBase="G:/bowlingGameScoring/bowlingGameScoringTest/bin/Debug/bowlingGameScoringTest.DLL" adapterTypeName="Microsoft.VisualStudio.TestTools.TestTypes.Unit.UnitTestAdapter, Microsoft.VisualStudio.QualityTools.Tips.UnitTest.Adapter, Version=10.0.0.0, Culture=neutral, PublicKeyToken=b03f5f7f11d50a3a" className="bowlingGameScoringTest.ScoringTest, bowlingGameScoringTest, Version=1.0.0.0, Culture=neutral, PublicKeyToken=null" name="TestSpare" />
    </UnitTest>
    <UnitTest name="IntegrationTest" storage="g:\bowlinggamescoring\bowlinggamescoringtest\bin\debug\bowlinggamescoringtest.dll" id="7d172ea3-6771-b7f1-3ae1-30fc6ffdf893">
      <Execution id="7917abe0-1dca-4215-812b-babff937750a" />
      <TestMethod codeBase="G:/bowlingGameScoring/bowlingGameScoringTest/bin/Debug/bowlingGameScoringTest.DLL" adapterTypeName="Microsoft.VisualStudio.TestTools.TestTypes.Unit.UnitTestAdapter, Microsoft.VisualStudio.QualityTools.Tips.UnitTest.Adapter, Version=10.0.0.0, Culture=neutral, PublicKeyToken=b03f5f7f11d50a3a" className="bowlingGameScoringTest.ScoringTest, bowlingGameScoringTest, Version=1.0.0.0, Culture=neutral, PublicKeyToken=null" name="IntegrationTest" />
    </UnitTest>
    <UnitTest name="TestGameScore" storage="g:\bowlinggamescoring\bowlinggamescoringtest\bin\debug\bowlinggamescoringtest.dll" id="c719e108-99f3-9347-daca-1bc4a0e9aa2c">
      <Execution id="f4af313a-7ae9-4c25-9c51-1b377d03683f" />
      <TestMethod codeBase="G:/bowlingGameScoring/bowlingGameScoringTest/bin/Debug/bowlingGameScoringTest.DLL" adapterTypeName="Microsoft.VisualStudio.TestTools.TestTypes.Unit.UnitTestAdapter, Microsoft.VisualStudio.QualityTools.Tips.UnitTest.Adapter, Version=10.0.0.0, Culture=neutral, PublicKeyToken=b03f5f7f11d50a3a" className="bowlingGameScoringTest.GameTest, bowlingGameScoringTest, Version=1.0.0.0, Culture=neutral, PublicKeyToken=null" name="TestGameScore" />
    </UnitTest>
  </TestDefinitions>
  <TestLists>
    <TestList name="列表中未列出的结果" id="8c84fa94-04c1-424b-9868-57a2d4851a1d" />
    <TestList name="所有已加载的结果" id="19431567-8539-422a-85d7-44ee4e166bda" />
  </TestLists>
  <TestEntries>
    <TestEntry testId="c719e108-99f3-9347-daca-1bc4a0e9aa2c" executionId="f4af313a-7ae9-4c25-9c51-1b377d03683f" testListId="8c84fa94-04c1-424b-9868-57a2d4851a1d" />
    <TestEntry testId="6c2edac0-3b24-28e6-eb58-fa5042373861" executionId="c4dafe00-a5ba-4900-aadc-575c809f24be" testListId="8c84fa94-04c1-424b-9868-57a2d4851a1d" />
    <TestEntry testId="a5ec84be-fa88-6496-d3e4-66be4442fdd3" executionId="13e96262-1ffe-4639-ad10-b590cbdcd9de" testListId="8c84fa94-04c1-424b-9868-57a2d4851a1d" />
    <TestEntry testId="b5fc92a2-8320-7ef1-8540-1119f76ba927" executionId="079f0479-189a-4720-befb-8ff02ead0cfa" testListId="8c84fa94-04c1-424b-9868-57a2d4851a1d" />
    <TestEntry testId="7d172ea3-6771-b7f1-3ae1-30fc6ffdf893" executionId="7917abe0-1dca-4215-812b-babff937750a" testListId="8c84fa94-04c1-424b-9868-57a2d4851a1d" />
  </TestEntries>
  <Results>
    <UnitTestResult executionId="f4af313a-7ae9-4c25-9c51-1b377d03683f" testId="c719e108-99f3-9347-daca-1bc4a0e9aa2c" testName="TestGameScore" computerName="SHAWNPC" duration="00:00:00.1914585" startTime="2012-04-17T22:22:37.8725316+08:00" endTime="2012-04-17T22:22:38.7435814+08:00" testType="13cdc9d9-ddb5-4fa4-a97d-d965ccfc6d4b" outcome="Failed" testListId="8c84fa94-04c1-424b-9868-57a2d4851a1d" relativeResultsDirectory="f4af313a-7ae9-4c25-9c51-1b377d03683f">
      <Output>
        <ErrorInfo>
          <Message>测试方法 bowlingGameScoringTest.GameTest.TestGameScore 引发了异常: 
System.IndexOutOfRangeException: 索引超出了数组界限。</Message>
          <StackTrace>    在 bowlingGameScoring.BowlingGame.CalculateScoring() 位置 G:\bowlingGameScoring\bowlingGameScoring\BowlingGame.cs:行号 38
   在 bowlingGameScoringTest.GameTest.TestGameScore() 位置 G:\bowlingGameScoring\bowlingGameScoringTest\GameTest.cs:行号 70
</StackTrace>
        </ErrorInfo>
      </Output>
    </UnitTestResult>
    <UnitTestResult executionId="c4dafe00-a5ba-4900-aadc-575c809f24be" testId="6c2edac0-3b24-28e6-eb58-fa5042373861" testName="TestRoundAddDownPins" computerName="SHAWNPC" duration="00:00:00.0107542" startTime="2012-04-17T22:22:38.7505818+08:00" endTime="2012-04-17T22:22:38.7825837+08:00" testType="13cdc9d9-ddb5-4fa4-a97d-d965ccfc6d4b" outcome="Passed" testListId="8c84fa94-04c1-424b-9868-57a2d4851a1d" relativeResultsDirectory="c4dafe00-a5ba-4900-aadc-575c809f24be">
    </UnitTestResult>
    <UnitTestResult executionId="13e96262-1ffe-4639-ad10-b590cbdcd9de" testId="a5ec84be-fa88-6496-d3e4-66be4442fdd3" testName="TestSpare" computerName="SHAWNPC" duration="00:00:00.0004942" startTime="2012-04-17T22:22:38.7905841+08:00" endTime="2012-04-17T22:22:38.8225859+08:00" testType="13cdc9d9-ddb5-4fa4-a97d-d965ccfc6d4b" outcome="Passed" testListId="8c84fa94-04c1-424b-9868-57a2d4851a1d" relativeResultsDirectory="13e96262-1ffe-4639-ad10-b590cbdcd9de">
    </UnitTestResult>
    <UnitTestResult executionId="079f0479-189a-4720-befb-8ff02ead0cfa" testId="b5fc92a2-8320-7ef1-8540-1119f76ba927" testName="TestStrike" computerName="SHAWNPC" duration="00:00:00.0005787" startTime="2012-04-17T22:22:38.8435871+08:00" endTime="2012-04-17T22:22:38.8695886+08:00" testType="13cdc9d9-ddb5-4fa4-a97d-d965ccfc6d4b" outcome="Passed" testListId="8c84fa94-04c1-424b-9868-57a2d4851a1d" relativeResultsDirectory="079f0479-189a-4720-befb-8ff02ead0cfa">
    </UnitTestResult>
    <UnitTestResult executionId="7917abe0-1dca-4215-812b-babff937750a" testId="7d172ea3-6771-b7f1-3ae1-30fc6ffdf893" testName="IntegrationTest" computerName="SHAWNPC" duration="00:00:00.0027100" startTime="2012-04-17T22:22:38.8755890+08:00" endTime="2012-04-17T22:22:38.8925899+08:00" testType="13cdc9d9-ddb5-4fa4-a97d-d965ccfc6d4b" outcome="Passed" testListId="8c84fa94-04c1-424b-9868-57a2d4851a1d" relativeResultsDirectory="7917abe0-1dca-4215-812b-babff937750a">
    </UnitTestResult>
  </Results>
</TestRun>