<?xml version="1.0" encoding="UTF-8"?>
<TestRun id="871127d8-ebe0-450d-9358-49a937c474e8" name="shawn@SHAWNPC 2012-04-16 17:03:18" runUser="shawnPC\shawn" xmlns="http://microsoft.com/schemas/VisualStudio/TeamTest/2010">
  <TestSettings name="本地" id="d231aa31-7060-47bd-87ca-40e211ac9d53">
    <Description>这些设置为本地测试运行的默认测试设置。</Description>
    <Deployment userDeploymentRoot="G:\bowlingGameScoring\TestResults" useDefaultDeploymentRoot="false" enabled="false" runDeploymentRoot="shawn_SHAWNPC 2012-04-16 17_03_18">
      <DeploymentItem filename="G:\bowlingGameScoring\bowlingGameScoring\bin\Debug\bowlingGameScoring.exe" />
    </Deployment>
    <Execution>
      <TestTypeSpecific />
      <AgentRule name="Execution Agents">
      </AgentRule>
    </Execution>
  </TestSettings>
  <Times creation="2012-04-16T17:03:18.5353057+08:00" queuing="2012-04-16T17:03:24.6186536+08:00" start="2012-04-16T17:03:24.8516669+08:00" finish="2012-04-16T17:04:17.0586530+08:00" />
  <ResultSummary outcome="Error">
    <Counters total="1" executed="1" error="0" failed="0" timeout="0" aborted="1" inconclusive="0" passedButRunAborted="0" notRunnable="0" notExecuted="0" disconnected="0" warning="0" passed="0" completed="0" inProgress="0" pending="0" />
    <RunInfos>
      <RunInfo computerName="SHAWNPC" outcome="Error" timestamp="2012-04-16T17:04:17.0506526+08:00">
        <Text>测试宿主进程意外退出。</Text>
      </RunInfo>
    </RunInfos>
  </ResultSummary>
  <TestDefinitions>
    <UnitTest name="TestRoundAddDownPins" storage="g:\bowlinggamescoring\bowlinggamescoringtest\bin\debug\bowlinggamescoringtest.dll" id="cb24942f-7a68-118a-4e33-1a765f53bdb8">
      <Execution id="2b09d201-dc7e-475d-942e-cc9be22a6a0e" />
      <TestMethod codeBase="G:/bowlingGameScoring/bowlingGameScoringTest/bin/Debug/bowlingGameScoringTest.DLL" adapterTypeName="Microsoft.VisualStudio.TestTools.TestTypes.Unit.UnitTestAdapter, Microsoft.VisualStudio.QualityTools.Tips.UnitTest.Adapter, Version=10.0.0.0, Culture=neutral, PublicKeyToken=b03f5f7f11d50a3a" className="bowlingGameScoringTest.RoundTest, bowlingGameScoringTest, Version=1.0.0.0, Culture=neutral, PublicKeyToken=null" name="TestRoundAddDownPins" />
    </UnitTest>
  </TestDefinitions>
  <TestLists>
    <TestList name="列表中未列出的结果" id="8c84fa94-04c1-424b-9868-57a2d4851a1d" />
    <TestList name="所有已加载的结果" id="19431567-8539-422a-85d7-44ee4e166bda" />
  </TestLists>
  <TestEntries>
    <TestEntry testId="cb24942f-7a68-118a-4e33-1a765f53bdb8" executionId="2b09d201-dc7e-475d-942e-cc9be22a6a0e" testListId="8c84fa94-04c1-424b-9868-57a2d4851a1d" />
  </TestEntries>
  <Results>
    <UnitTestResult executionId="2b09d201-dc7e-475d-942e-cc9be22a6a0e" testId="cb24942f-7a68-118a-4e33-1a765f53bdb8" testName="TestRoundAddDownPins" computerName="SHAWNPC" duration="00:00:51.9959740" startTime="2012-04-16T17:03:25.0616790+08:00" endTime="2012-04-16T17:04:17.0576530+08:00" testType="13cdc9d9-ddb5-4fa4-a97d-d965ccfc6d4b" outcome="Aborted" testListId="8c84fa94-04c1-424b-9868-57a2d4851a1d" relativeResultsDirectory="2b09d201-dc7e-475d-942e-cc9be22a6a0e">
    </UnitTestResult>
  </Results>
</TestRun>