<?xml version="1.0" encoding="UTF-8"?>
<TestRun id="5d4f526c-e93e-4f22-a5d8-f58c48c8e36e" name="shawn@SHAWNPC 2012-04-17 20:36:52" runUser="shawnPC\shawn" xmlns="http://microsoft.com/schemas/VisualStudio/TeamTest/2010">
  <TestSettings name="本地" id="d231aa31-7060-47bd-87ca-40e211ac9d53">
    <Description>这些设置为本地测试运行的默认测试设置。</Description>
    <Deployment enabled="false" runDeploymentRoot="shawn_SHAWNPC 2012-04-17 20_36_52">
      <DeploymentItem filename="G:\bowlingGameScoring\bowlingGameScoring\bin\Debug\bowlingGameScoring.exe" />
    </Deployment>
    <Execution>
      <TestTypeSpecific />
      <AgentRule name="Execution Agents">
      </AgentRule>
    </Execution>
  </TestSettings>
  <Times creation="2012-04-17T20:36:52.6046030+08:00" queuing="2012-04-17T20:36:55.6007744+08:00" start="2012-04-17T20:36:55.6217756+08:00" finish="2012-04-17T20:36:55.9667953+08:00" />
  <ResultSummary outcome="Completed">
    <Counters total="1" executed="1" passed="1" error="0" failed="0" timeout="0" aborted="0" inconclusive="0" passedButRunAborted="0" notRunnable="0" notExecuted="0" disconnected="0" warning="0" completed="0" inProgress="0" pending="0" />
  </ResultSummary>
  <TestDefinitions>
    <UnitTest name="TestStrike" storage="g:\bowlinggamescoring\bowlinggamescoringtest\bin\debug\bowlinggamescoringtest.dll" id="1e4901cc-317c-f679-a7f3-08f30cc1b36c">
      <Execution id="71b949c9-be18-4ab9-9ec7-b3a04247b540" />
      <TestMethod codeBase="G:/bowlingGameScoring/bowlingGameScoringTest/bin/Debug/bowlingGameScoringTest.DLL" adapterTypeName="Microsoft.VisualStudio.TestTools.TestTypes.Unit.UnitTestAdapter, Microsoft.VisualStudio.QualityTools.Tips.UnitTest.Adapter, Version=10.0.0.0, Culture=neutral, PublicKeyToken=b03f5f7f11d50a3a" className="bowlingGameScoringTest.RoundTest, bowlingGameScoringTest, Version=1.0.0.0, Culture=neutral, PublicKeyToken=null" name="TestStrike" />
    </UnitTest>
  </TestDefinitions>
  <TestLists>
    <TestList name="列表中未列出的结果" id="8c84fa94-04c1-424b-9868-57a2d4851a1d" />
    <TestList name="所有已加载的结果" id="19431567-8539-422a-85d7-44ee4e166bda" />
  </TestLists>
  <TestEntries>
    <TestEntry testId="1e4901cc-317c-f679-a7f3-08f30cc1b36c" executionId="71b949c9-be18-4ab9-9ec7-b3a04247b540" testListId="8c84fa94-04c1-424b-9868-57a2d4851a1d" />
  </TestEntries>
  <Results>
    <UnitTestResult executionId="71b949c9-be18-4ab9-9ec7-b3a04247b540" testId="1e4901cc-317c-f679-a7f3-08f30cc1b36c" testName="TestStrike" computerName="SHAWNPC" duration="00:00:00.0209042" startTime="2012-04-17T20:36:55.6427768+08:00" endTime="2012-04-17T20:36:55.9447941+08:00" testType="13cdc9d9-ddb5-4fa4-a97d-d965ccfc6d4b" outcome="Passed" testListId="8c84fa94-04c1-424b-9868-57a2d4851a1d" relativeResultsDirectory="71b949c9-be18-4ab9-9ec7-b3a04247b540">
    </UnitTestResult>
  </Results>
</TestRun>