<?xml version="1.0" encoding="UTF-8"?>
<TestRun id="64e9b43e-a2f5-493b-b1a5-25f92f2d2786" name="shawn@SHAWNPC 2012-04-16 16:22:22" runUser="shawnPC\shawn" xmlns="http://microsoft.com/schemas/VisualStudio/TeamTest/2010">
  <TestSettings name="本地" id="d231aa31-7060-47bd-87ca-40e211ac9d53">
    <Description>这些设置为本地测试运行的默认测试设置。</Description>
    <Deployment enabled="false" runDeploymentRoot="shawn_SHAWNPC 2012-04-16 16_22_22">
      <DeploymentItem filename="G:\bowlingGameScoring\bowlingGameScoring\bin\Debug\bowlingGameScoring.exe" />
    </Deployment>
    <Execution>
      <TestTypeSpecific />
      <AgentRule name="Execution Agents">
      </AgentRule>
    </Execution>
  </TestSettings>
  <Times creation="2012-04-16T16:22:22.1688095+08:00" queuing="2012-04-16T16:22:25.2239843+08:00" start="2012-04-16T16:22:25.5570033+08:00" finish="2012-04-16T16:22:26.6630666+08:00" />
  <ResultSummary outcome="Completed">
    <Counters total="1" executed="1" passed="1" error="0" failed="0" timeout="0" aborted="0" inconclusive="0" passedButRunAborted="0" notRunnable="0" notExecuted="0" disconnected="0" warning="0" completed="0" inProgress="0" pending="0" />
  </ResultSummary>
  <TestDefinitions>
    <UnitTest name="TestGameScore" storage="g:\bowlinggamescoring\bowlinggamescoringtest\bin\debug\bowlinggamescoringtest.dll" id="c719e108-99f3-9347-daca-1bc4a0e9aa2c">
      <Execution id="d78d517d-c071-4823-87b1-b03c8eb68cda" />
      <TestMethod codeBase="G:/bowlingGameScoring/bowlingGameScoringTest/bin/Debug/bowlingGameScoringTest.DLL" adapterTypeName="Microsoft.VisualStudio.TestTools.TestTypes.Unit.UnitTestAdapter, Microsoft.VisualStudio.QualityTools.Tips.UnitTest.Adapter, Version=10.0.0.0, Culture=neutral, PublicKeyToken=b03f5f7f11d50a3a" className="bowlingGameScoringTest.GameTest, bowlingGameScoringTest, Version=1.0.0.0, Culture=neutral, PublicKeyToken=null" name="TestGameScore" />
    </UnitTest>
  </TestDefinitions>
  <TestLists>
    <TestList name="列表中未列出的结果" id="8c84fa94-04c1-424b-9868-57a2d4851a1d" />
    <TestList name="所有已加载的结果" id="19431567-8539-422a-85d7-44ee4e166bda" />
  </TestLists>
  <TestEntries>
    <TestEntry testId="c719e108-99f3-9347-daca-1bc4a0e9aa2c" executionId="d78d517d-c071-4823-87b1-b03c8eb68cda" testListId="8c84fa94-04c1-424b-9868-57a2d4851a1d" />
  </TestEntries>
  <Results>
    <UnitTestResult executionId="d78d517d-c071-4823-87b1-b03c8eb68cda" testId="c719e108-99f3-9347-daca-1bc4a0e9aa2c" testName="TestGameScore" computerName="SHAWNPC" duration="00:00:00.0493688" startTime="2012-04-16T16:22:25.7260130+08:00" endTime="2012-04-16T16:22:26.4660553+08:00" testType="13cdc9d9-ddb5-4fa4-a97d-d965ccfc6d4b" outcome="Passed" testListId="8c84fa94-04c1-424b-9868-57a2d4851a1d" relativeResultsDirectory="d78d517d-c071-4823-87b1-b03c8eb68cda">
    </UnitTestResult>
  </Results>
</TestRun>