<?xml version="1.0" encoding="UTF-8"?>
<TestRun id="b13191a7-ad07-4562-a008-88e977b28cce" name="shawn@SHAWNPC 2012-04-16 16:41:58" runUser="shawnPC\shawn" xmlns="http://microsoft.com/schemas/VisualStudio/TeamTest/2010">
  <TestSettings name="本地" id="d231aa31-7060-47bd-87ca-40e211ac9d53">
    <Description>这些设置为本地测试运行的默认测试设置。</Description>
    <Deployment enabled="false" runDeploymentRoot="shawn_SHAWNPC 2012-04-16 16_41_58">
      <DeploymentItem filename="G:\bowlingGameScoring\bowlingGameScoring\bin\Debug\bowlingGameScoring.exe" />
    </Deployment>
    <Execution>
      <TestTypeSpecific />
      <AgentRule name="Execution Agents">
      </AgentRule>
    </Execution>
  </TestSettings>
  <Times creation="2012-04-16T16:41:58.0620668+08:00" queuing="2012-04-16T16:41:58.1030691+08:00" start="2012-04-16T16:41:58.2390769+08:00" finish="2012-04-16T16:41:58.9361168+08:00" />
  <ResultSummary outcome="Failed">
    <Counters total="1" executed="1" error="0" failed="1" timeout="0" aborted="0" inconclusive="0" passedButRunAborted="0" notRunnable="0" notExecuted="0" disconnected="0" warning="0" passed="0" completed="0" inProgress="0" pending="0" />
  </ResultSummary>
  <TestDefinitions>
    <UnitTest name="TestSpare" storage="g:\bowlinggamescoring\bowlinggamescoringtest\bin\debug\bowlinggamescoringtest.dll" id="6c034cd9-cf45-6bbf-14f9-5407016d3921">
      <Execution id="82774032-4c3a-4fd8-b8a2-18bb79c0d63d" />
      <TestMethod codeBase="G:/bowlingGameScoring/bowlingGameScoringTest/bin/Debug/bowlingGameScoringTest.DLL" adapterTypeName="Microsoft.VisualStudio.TestTools.TestTypes.Unit.UnitTestAdapter, Microsoft.VisualStudio.QualityTools.Tips.UnitTest.Adapter, Version=10.0.0.0, Culture=neutral, PublicKeyToken=b03f5f7f11d50a3a" className="bowlingGameScoringTest.RoundTest, bowlingGameScoringTest, Version=1.0.0.0, Culture=neutral, PublicKeyToken=null" name="TestSpare" />
    </UnitTest>
  </TestDefinitions>
  <TestLists>
    <TestList name="列表中未列出的结果" id="8c84fa94-04c1-424b-9868-57a2d4851a1d" />
    <TestList name="所有已加载的结果" id="19431567-8539-422a-85d7-44ee4e166bda" />
  </TestLists>
  <TestEntries>
    <TestEntry testId="6c034cd9-cf45-6bbf-14f9-5407016d3921" executionId="82774032-4c3a-4fd8-b8a2-18bb79c0d63d" testListId="8c84fa94-04c1-424b-9868-57a2d4851a1d" />
  </TestEntries>
  <Results>
    <UnitTestResult executionId="82774032-4c3a-4fd8-b8a2-18bb79c0d63d" testId="6c034cd9-cf45-6bbf-14f9-5407016d3921" testName="TestSpare" computerName="SHAWNPC" duration="00:00:00.2375368" startTime="2012-04-16T16:41:58.2710787+08:00" endTime="2012-04-16T16:41:58.8911142+08:00" testType="13cdc9d9-ddb5-4fa4-a97d-d965ccfc6d4b" outcome="Failed" testListId="8c84fa94-04c1-424b-9868-57a2d4851a1d" relativeResultsDirectory="82774032-4c3a-4fd8-b8a2-18bb79c0d63d">
      <Output>
        <ErrorInfo>
          <Message>Assert.AreEqual 失败。应为: &lt;12&gt;，实际为: &lt;10&gt;。</Message>
          <StackTrace>   在 bowlingGameScoringTest.RoundTest.TestSpare() 位置 G:\bowlingGameScoring\bowlingGameScoringTest\RoundTest.cs:行号 88
</StackTrace>
        </ErrorInfo>
      </Output>
    </UnitTestResult>
  </Results>
</TestRun>