<?xml version="1.0" encoding="UTF-8"?>
<TestRun id="54433cb1-c838-40cf-80ac-f228ab5183c0" name="shawn@SHAWN-PC 2012-04-13 11:12:00" runUser="shawn-PC\shawn" xmlns="http://microsoft.com/schemas/VisualStudio/TeamTest/2010">
  <TestSettings name="本地" id="d231aa31-7060-47bd-87ca-40e211ac9d53">
    <Description>这些设置为本地测试运行的默认测试设置。</Description>
    <Deployment enabled="false" runDeploymentRoot="shawn_SHAWN-PC 2012-04-13 11_12_00">
      <DeploymentItem filename="G:\agile\bowlingGameScoring\bowlingGameScoring\bin\Debug\bowlingGameScoring.exe" />
    </Deployment>
    <Execution>
      <TestTypeSpecific />
      <AgentRule name="Execution Agents">
      </AgentRule>
    </Execution>
  </TestSettings>
  <Times creation="2012-04-13T11:12:00.2074734+08:00" queuing="2012-04-13T11:12:00.2504758+08:00" start="2012-04-13T11:12:00.2604764+08:00" finish="2012-04-13T11:12:00.6684997+08:00" />
  <ResultSummary outcome="Completed">
    <Counters total="1" executed="1" passed="1" error="0" failed="0" timeout="0" aborted="0" inconclusive="0" passedButRunAborted="0" notRunnable="0" notExecuted="0" disconnected="0" warning="0" completed="0" inProgress="0" pending="0" />
  </ResultSummary>
  <TestDefinitions>
    <UnitTest name="TestFrameAddDownPins" storage="g:\agile\bowlinggamescoring\bowlinggamescoringtest\bin\debug\bowlinggamescoringtest.dll" id="bc79233f-7511-1f2a-00d6-6a884d0a811a">
      <Execution id="15ff32eb-b0f8-494a-a15f-3628a0f8366a" />
      <TestMethod codeBase="G:/agile/bowlingGameScoring/bowlingGameScoringTest/bin/Debug/bowlingGameScoringTest.DLL" adapterTypeName="Microsoft.VisualStudio.TestTools.TestTypes.Unit.UnitTestAdapter, Microsoft.VisualStudio.QualityTools.Tips.UnitTest.Adapter, Version=10.0.0.0, Culture=neutral, PublicKeyToken=b03f5f7f11d50a3a" className="bowlingGameScoringTest.FrameTest1, bowlingGameScoringTest, Version=1.0.0.0, Culture=neutral, PublicKeyToken=null" name="TestFrameAddDownPins" />
    </UnitTest>
  </TestDefinitions>
  <TestLists>
    <TestList name="列表中未列出的结果" id="8c84fa94-04c1-424b-9868-57a2d4851a1d" />
    <TestList name="所有已加载的结果" id="19431567-8539-422a-85d7-44ee4e166bda" />
  </TestLists>
  <TestEntries>
    <TestEntry testId="bc79233f-7511-1f2a-00d6-6a884d0a811a" executionId="15ff32eb-b0f8-494a-a15f-3628a0f8366a" testListId="8c84fa94-04c1-424b-9868-57a2d4851a1d" />
  </TestEntries>
  <Results>
    <UnitTestResult executionId="15ff32eb-b0f8-494a-a15f-3628a0f8366a" testId="bc79233f-7511-1f2a-00d6-6a884d0a811a" testName="TestFrameAddDownPins" computerName="SHAWN-PC" duration="00:00:00.0392043" startTime="2012-04-13T11:12:00.2934783+08:00" endTime="2012-04-13T11:12:00.6404981+08:00" testType="13cdc9d9-ddb5-4fa4-a97d-d965ccfc6d4b" outcome="Passed" testListId="8c84fa94-04c1-424b-9868-57a2d4851a1d" relativeResultsDirectory="15ff32eb-b0f8-494a-a15f-3628a0f8366a">
    </UnitTestResult>
  </Results>
</TestRun>