<?xml version="1.0" encoding="UTF-8"?>
<TestRun id="aaee7efc-e750-42cf-a399-a5c7adaa5618" name="shawn@SHAWNPC 2012-04-17 21:28:09" runUser="shawnPC\shawn" xmlns="http://microsoft.com/schemas/VisualStudio/TeamTest/2010">
  <TestSettings name="本地" id="d231aa31-7060-47bd-87ca-40e211ac9d53">
    <Description>这些设置为本地测试运行的默认测试设置。</Description>
    <Deployment enabled="false" runDeploymentRoot="shawn_SHAWNPC 2012-04-17 21_28_09">
      <DeploymentItem filename="G:\bowlingGameScoring\bowlingGameScoring\bin\Debug\bowlingGameScoring.exe" />
    </Deployment>
    <Execution>
      <TestTypeSpecific />
      <AgentRule name="Execution Agents">
      </AgentRule>
    </Execution>
  </TestSettings>
  <Times creation="2012-04-17T21:28:09.2815789+08:00" queuing="2012-04-17T21:28:10.6696583+08:00" start="2012-04-17T21:28:10.7196611+08:00" finish="2012-04-17T21:28:11.7507201+08:00" />
  <ResultSummary outcome="Failed">
    <Counters total="1" executed="1" error="0" failed="1" timeout="0" aborted="0" inconclusive="0" passedButRunAborted="0" notRunnable="0" notExecuted="0" disconnected="0" warning="0" passed="0" completed="0" inProgress="0" pending="0" />
  </ResultSummary>
  <TestDefinitions>
    <UnitTest name="IntegrationTest" storage="g:\bowlinggamescoring\bowlinggamescoringtest\bin\debug\bowlinggamescoringtest.dll" id="f52e3bb4-d786-8a79-7cbd-3442db353c41">
      <Execution id="bfecd574-c198-463b-9a9b-c4fbf919955c" />
      <TestMethod codeBase="G:/bowlingGameScoring/bowlingGameScoringTest/bin/Debug/bowlingGameScoringTest.DLL" adapterTypeName="Microsoft.VisualStudio.TestTools.TestTypes.Unit.UnitTestAdapter, Microsoft.VisualStudio.QualityTools.Tips.UnitTest.Adapter, Version=10.0.0.0, Culture=neutral, PublicKeyToken=b03f5f7f11d50a3a" className="bowlingGameScoringTest.RoundTest, bowlingGameScoringTest, Version=1.0.0.0, Culture=neutral, PublicKeyToken=null" name="IntegrationTest" />
    </UnitTest>
  </TestDefinitions>
  <TestLists>
    <TestList name="列表中未列出的结果" id="8c84fa94-04c1-424b-9868-57a2d4851a1d" />
    <TestList name="所有已加载的结果" id="19431567-8539-422a-85d7-44ee4e166bda" />
  </TestLists>
  <TestEntries>
    <TestEntry testId="f52e3bb4-d786-8a79-7cbd-3442db353c41" executionId="bfecd574-c198-463b-9a9b-c4fbf919955c" testListId="8c84fa94-04c1-424b-9868-57a2d4851a1d" />
  </TestEntries>
  <Results>
    <UnitTestResult executionId="bfecd574-c198-463b-9a9b-c4fbf919955c" testId="f52e3bb4-d786-8a79-7cbd-3442db353c41" testName="IntegrationTest" computerName="SHAWNPC" duration="00:00:00.4999956" startTime="2012-04-17T21:28:10.7656638+08:00" endTime="2012-04-17T21:28:11.6847163+08:00" testType="13cdc9d9-ddb5-4fa4-a97d-d965ccfc6d4b" outcome="Failed" testListId="8c84fa94-04c1-424b-9868-57a2d4851a1d" relativeResultsDirectory="bfecd574-c198-463b-9a9b-c4fbf919955c">
      <Output>
        <ErrorInfo>
          <Message>测试方法 bowlingGameScoringTest.RoundTest.IntegrationTest 引发了异常: 
System.IndexOutOfRangeException: 索引超出了数组界限。</Message>
          <StackTrace>    在 bowlingGameScoring.Scoring.AddDownPins(Int32 pins) 位置 G:\bowlingGameScoring\bowlingGameScoring\BowlingGameRound.cs:行号 33
   在 bowlingGameScoringTest.RoundTest.IntegrationTest() 位置 G:\bowlingGameScoring\bowlingGameScoringTest\RoundTest.cs:行号 140
</StackTrace>
        </ErrorInfo>
      </Output>
    </UnitTestResult>
  </Results>
</TestRun>