<?xml version="1.0" encoding="UTF-8"?>
<TestRun id="8aa6772b-f189-4b96-9dc3-e10a17951dc1" name="shawn@SHAWN-PC 2012-04-13 11:36:21" runUser="shawn-PC\shawn" xmlns="http://microsoft.com/schemas/VisualStudio/TeamTest/2010">
  <TestSettings name="本地" id="d231aa31-7060-47bd-87ca-40e211ac9d53">
    <Description>这些设置为本地测试运行的默认测试设置。</Description>
    <Deployment enabled="false" runDeploymentRoot="shawn_SHAWN-PC 2012-04-13 11_36_21">
      <DeploymentItem filename="G:\bowlingGameScoring\bowlingGameScoring\bin\Debug\bowlingGameScoring.exe" />
    </Deployment>
    <Execution>
      <TestTypeSpecific />
      <AgentRule name="Execution Agents">
      </AgentRule>
    </Execution>
  </TestSettings>
  <Times creation="2012-04-13T11:36:21.6812481+08:00" queuing="2012-04-13T11:36:22.1842769+08:00" start="2012-04-13T11:36:22.2982834+08:00" finish="2012-04-13T11:36:22.9823225+08:00" />
  <ResultSummary outcome="Completed">
    <Counters total="2" executed="2" passed="2" error="0" failed="0" timeout="0" aborted="0" inconclusive="0" passedButRunAborted="0" notRunnable="0" notExecuted="0" disconnected="0" warning="0" completed="0" inProgress="0" pending="0" />
  </ResultSummary>
  <TestDefinitions>
    <UnitTest name="TestRoundScore" storage="g:\bowlinggamescoring\bowlinggamescoringtest\bin\debug\bowlinggamescoringtest.dll" id="6f9a4ac0-8f05-9706-f526-5d1c2a7d5ec3">
      <Execution id="e4f12d08-418d-4c77-8ec1-7cc6eab139af" />
      <TestMethod codeBase="G:/bowlingGameScoring/bowlingGameScoringTest/bin/Debug/bowlingGameScoringTest.DLL" adapterTypeName="Microsoft.VisualStudio.TestTools.TestTypes.Unit.UnitTestAdapter, Microsoft.VisualStudio.QualityTools.Tips.UnitTest.Adapter, Version=10.0.0.0, Culture=neutral, PublicKeyToken=b03f5f7f11d50a3a" className="bowlingGameScoringTest.RoundTest, bowlingGameScoringTest, Version=1.0.0.0, Culture=neutral, PublicKeyToken=null" name="TestRoundScore" />
    </UnitTest>
    <UnitTest name="TestRoundAddDownPins" storage="g:\bowlinggamescoring\bowlinggamescoringtest\bin\debug\bowlinggamescoringtest.dll" id="cb24942f-7a68-118a-4e33-1a765f53bdb8">
      <Execution id="e18a6d60-5030-4b72-8cfe-3aa3c899226c" />
      <TestMethod codeBase="G:/bowlingGameScoring/bowlingGameScoringTest/bin/Debug/bowlingGameScoringTest.DLL" adapterTypeName="Microsoft.VisualStudio.TestTools.TestTypes.Unit.UnitTestAdapter, Microsoft.VisualStudio.QualityTools.Tips.UnitTest.Adapter, Version=10.0.0.0, Culture=neutral, PublicKeyToken=b03f5f7f11d50a3a" className="bowlingGameScoringTest.RoundTest, bowlingGameScoringTest, Version=1.0.0.0, Culture=neutral, PublicKeyToken=null" name="TestRoundAddDownPins" />
    </UnitTest>
  </TestDefinitions>
  <TestLists>
    <TestList name="列表中未列出的结果" id="8c84fa94-04c1-424b-9868-57a2d4851a1d" />
    <TestList name="所有已加载的结果" id="19431567-8539-422a-85d7-44ee4e166bda" />
  </TestLists>
  <TestEntries>
    <TestEntry testId="6f9a4ac0-8f05-9706-f526-5d1c2a7d5ec3" executionId="e4f12d08-418d-4c77-8ec1-7cc6eab139af" testListId="8c84fa94-04c1-424b-9868-57a2d4851a1d" />
    <TestEntry testId="cb24942f-7a68-118a-4e33-1a765f53bdb8" executionId="e18a6d60-5030-4b72-8cfe-3aa3c899226c" testListId="8c84fa94-04c1-424b-9868-57a2d4851a1d" />
  </TestEntries>
  <Results>
    <UnitTestResult executionId="e4f12d08-418d-4c77-8ec1-7cc6eab139af" testId="6f9a4ac0-8f05-9706-f526-5d1c2a7d5ec3" testName="TestRoundScore" computerName="SHAWN-PC" duration="00:00:00.0242709" startTime="2012-04-13T11:36:22.3522865+08:00" endTime="2012-04-13T11:36:22.9323197+08:00" testType="13cdc9d9-ddb5-4fa4-a97d-d965ccfc6d4b" outcome="Passed" testListId="8c84fa94-04c1-424b-9868-57a2d4851a1d" relativeResultsDirectory="e4f12d08-418d-4c77-8ec1-7cc6eab139af">
    </UnitTestResult>
    <UnitTestResult executionId="e18a6d60-5030-4b72-8cfe-3aa3c899226c" testId="cb24942f-7a68-118a-4e33-1a765f53bdb8" testName="TestRoundAddDownPins" computerName="SHAWN-PC" duration="00:00:00.0006892" startTime="2012-04-13T11:36:22.9343198+08:00" endTime="2012-04-13T11:36:22.9503207+08:00" testType="13cdc9d9-ddb5-4fa4-a97d-d965ccfc6d4b" outcome="Passed" testListId="8c84fa94-04c1-424b-9868-57a2d4851a1d" relativeResultsDirectory="e18a6d60-5030-4b72-8cfe-3aa3c899226c">
    </UnitTestResult>
  </Results>
</TestRun>