<?xml version="1.0" encoding="UTF-8"?>
<TestRun id="a68e756f-0386-466f-bc53-0aa0f24217e0" name="shawn@SHAWNPC 2012-04-16 17:02:55" runUser="shawnPC\shawn" xmlns="http://microsoft.com/schemas/VisualStudio/TeamTest/2010">
  <TestSettings name="本地" id="d231aa31-7060-47bd-87ca-40e211ac9d53">
    <Description>这些设置为本地测试运行的默认测试设置。</Description>
    <Deployment enabled="false" runDeploymentRoot="shawn_SHAWNPC 2012-04-16 17_02_55">
      <DeploymentItem filename="G:\bowlingGameScoring\bowlingGameScoring\bin\Debug\bowlingGameScoring.exe" />
    </Deployment>
    <Execution>
      <TestTypeSpecific />
      <AgentRule name="Execution Agents">
      </AgentRule>
    </Execution>
  </TestSettings>
  <Times creation="2012-04-16T17:02:55.7670034+08:00" queuing="2012-04-16T17:02:58.3301500+08:00" start="2012-04-16T17:02:58.3411506+08:00" finish="2012-04-16T17:02:58.8581802+08:00" />
  <ResultSummary outcome="Failed">
    <Counters total="1" executed="1" error="0" failed="1" timeout="0" aborted="0" inconclusive="0" passedButRunAborted="0" notRunnable="0" notExecuted="0" disconnected="0" warning="0" passed="0" completed="0" inProgress="0" pending="0" />
  </ResultSummary>
  <TestDefinitions>
    <UnitTest name="TestRoundAddDownPins" storage="g:\bowlinggamescoring\bowlinggamescoringtest\bin\debug\bowlinggamescoringtest.dll" id="cb24942f-7a68-118a-4e33-1a765f53bdb8">
      <Execution id="824ce159-0509-44c5-a3a5-738678ac8c83" />
      <TestMethod codeBase="G:/bowlingGameScoring/bowlingGameScoringTest/bin/Debug/bowlingGameScoringTest.DLL" adapterTypeName="Microsoft.VisualStudio.TestTools.TestTypes.Unit.UnitTestAdapter, Microsoft.VisualStudio.QualityTools.Tips.UnitTest.Adapter, Version=10.0.0.0, Culture=neutral, PublicKeyToken=b03f5f7f11d50a3a" className="bowlingGameScoringTest.RoundTest, bowlingGameScoringTest, Version=1.0.0.0, Culture=neutral, PublicKeyToken=null" name="TestRoundAddDownPins" />
    </UnitTest>
  </TestDefinitions>
  <TestLists>
    <TestList name="列表中未列出的结果" id="8c84fa94-04c1-424b-9868-57a2d4851a1d" />
    <TestList name="所有已加载的结果" id="19431567-8539-422a-85d7-44ee4e166bda" />
  </TestLists>
  <TestEntries>
    <TestEntry testId="cb24942f-7a68-118a-4e33-1a765f53bdb8" executionId="824ce159-0509-44c5-a3a5-738678ac8c83" testListId="8c84fa94-04c1-424b-9868-57a2d4851a1d" />
  </TestEntries>
  <Results>
    <UnitTestResult executionId="824ce159-0509-44c5-a3a5-738678ac8c83" testId="cb24942f-7a68-118a-4e33-1a765f53bdb8" testName="TestRoundAddDownPins" computerName="SHAWNPC" duration="00:00:00.0656685" startTime="2012-04-16T17:02:58.4071544+08:00" endTime="2012-04-16T17:02:58.8321787+08:00" testType="13cdc9d9-ddb5-4fa4-a97d-d965ccfc6d4b" outcome="Failed" testListId="8c84fa94-04c1-424b-9868-57a2d4851a1d" relativeResultsDirectory="824ce159-0509-44c5-a3a5-738678ac8c83">
      <Output>
        <ErrorInfo>
          <Message>Assert.AreEqual 失败。应为: &lt;0&gt;，实际为: &lt;1&gt;。</Message>
          <StackTrace>   在 bowlingGameScoringTest.RoundTest.TestRoundAddDownPins() 位置 G:\bowlingGameScoring\bowlingGameScoringTest\RoundTest.cs:行号 73
</StackTrace>
        </ErrorInfo>
      </Output>
    </UnitTestResult>
  </Results>
</TestRun>