<?xml version="1.0" encoding="UTF-8"?>
<TestRun id="9abbe002-ebbd-4085-a6dc-abd27133e8b3" name="shawn@SHAWN-PC 2012-04-13 11:08:38" runUser="shawn-PC\shawn" xmlns="http://microsoft.com/schemas/VisualStudio/TeamTest/2010">
  <TestSettings name="本地" id="d231aa31-7060-47bd-87ca-40e211ac9d53">
    <Description>这些设置为本地测试运行的默认测试设置。</Description>
    <Deployment enabled="false" runDeploymentRoot="shawn_SHAWN-PC 2012-04-13 11_08_38">
      <DeploymentItem filename="G:\agile\bowlingGameScoring\bowlingGameScoring\bin\Debug\bowlingGameScoring.exe" />
    </Deployment>
    <Execution>
      <TestTypeSpecific />
      <AgentRule name="Execution Agents">
      </AgentRule>
    </Execution>
  </TestSettings>
  <Times creation="2012-04-13T11:08:38.8152082+08:00" queuing="2012-04-13T11:08:38.8542104+08:00" start="2012-04-13T11:08:38.8732115+08:00" finish="2012-04-13T11:08:39.2482313+08:00" />
  <ResultSummary outcome="Completed">
    <Counters total="2" executed="2" passed="2" error="0" failed="0" timeout="0" aborted="0" inconclusive="0" passedButRunAborted="0" notRunnable="0" notExecuted="0" disconnected="0" warning="0" completed="0" inProgress="0" pending="0" />
  </ResultSummary>
  <TestDefinitions>
    <UnitTest name="TestFrameScore" storage="g:\agile\bowlinggamescoring\bowlinggamescoringtest\bin\debug\bowlinggamescoringtest.dll" id="5979944a-db84-3a64-8e78-e90d7457d363">
      <Execution id="70a71654-42f4-43d2-9feb-f002f0ec4ce3" />
      <TestMethod codeBase="G:/agile/bowlingGameScoring/bowlingGameScoringTest/bin/Debug/bowlingGameScoringTest.DLL" adapterTypeName="Microsoft.VisualStudio.TestTools.TestTypes.Unit.UnitTestAdapter, Microsoft.VisualStudio.QualityTools.Tips.UnitTest.Adapter, Version=10.0.0.0, Culture=neutral, PublicKeyToken=b03f5f7f11d50a3a" className="bowlingGameScoringTest.FrameTest1, bowlingGameScoringTest, Version=1.0.0.0, Culture=neutral, PublicKeyToken=null" name="TestFrameScore" />
    </UnitTest>
    <UnitTest name="TestFrameAddRoll" storage="g:\agile\bowlinggamescoring\bowlinggamescoringtest\bin\debug\bowlinggamescoringtest.dll" id="546a4896-5ef1-1c05-32d9-e8cc7afeba69">
      <Execution id="616e5831-4470-4817-85af-2f3d423f6c13" />
      <TestMethod codeBase="G:/agile/bowlingGameScoring/bowlingGameScoringTest/bin/Debug/bowlingGameScoringTest.DLL" adapterTypeName="Microsoft.VisualStudio.TestTools.TestTypes.Unit.UnitTestAdapter, Microsoft.VisualStudio.QualityTools.Tips.UnitTest.Adapter, Version=10.0.0.0, Culture=neutral, PublicKeyToken=b03f5f7f11d50a3a" className="bowlingGameScoringTest.FrameTest1, bowlingGameScoringTest, Version=1.0.0.0, Culture=neutral, PublicKeyToken=null" name="TestFrameAddRoll" />
    </UnitTest>
  </TestDefinitions>
  <TestLists>
    <TestList name="列表中未列出的结果" id="8c84fa94-04c1-424b-9868-57a2d4851a1d" />
    <TestList name="所有已加载的结果" id="19431567-8539-422a-85d7-44ee4e166bda" />
  </TestLists>
  <TestEntries>
    <TestEntry testId="5979944a-db84-3a64-8e78-e90d7457d363" executionId="70a71654-42f4-43d2-9feb-f002f0ec4ce3" testListId="8c84fa94-04c1-424b-9868-57a2d4851a1d" />
    <TestEntry testId="546a4896-5ef1-1c05-32d9-e8cc7afeba69" executionId="616e5831-4470-4817-85af-2f3d423f6c13" testListId="8c84fa94-04c1-424b-9868-57a2d4851a1d" />
  </TestEntries>
  <Results>
    <UnitTestResult executionId="70a71654-42f4-43d2-9feb-f002f0ec4ce3" testId="5979944a-db84-3a64-8e78-e90d7457d363" testName="TestFrameScore" computerName="SHAWN-PC" duration="00:00:00.0198099" startTime="2012-04-13T11:08:38.9012131+08:00" endTime="2012-04-13T11:08:39.2222298+08:00" testType="13cdc9d9-ddb5-4fa4-a97d-d965ccfc6d4b" outcome="Passed" testListId="8c84fa94-04c1-424b-9868-57a2d4851a1d" relativeResultsDirectory="70a71654-42f4-43d2-9feb-f002f0ec4ce3">
    </UnitTestResult>
    <UnitTestResult executionId="616e5831-4470-4817-85af-2f3d423f6c13" testId="546a4896-5ef1-1c05-32d9-e8cc7afeba69" testName="TestFrameAddRoll" computerName="SHAWN-PC" duration="00:00:00.0003602" startTime="2012-04-13T11:08:39.2252299+08:00" endTime="2012-04-13T11:08:39.2312303+08:00" testType="13cdc9d9-ddb5-4fa4-a97d-d965ccfc6d4b" outcome="Passed" testListId="8c84fa94-04c1-424b-9868-57a2d4851a1d" relativeResultsDirectory="616e5831-4470-4817-85af-2f3d423f6c13">
    </UnitTestResult>
  </Results>
</TestRun>