<?xml version="1.0" encoding="UTF-8"?>
<TestRun id="5ecb649c-449e-41a0-803c-e2dc3253ae0e" name="shawn@SHAWNPC 2012-04-17 22:22:52" runUser="shawnPC\shawn" xmlns="http://microsoft.com/schemas/VisualStudio/TeamTest/2010">
  <TestSettings name="本地" id="d231aa31-7060-47bd-87ca-40e211ac9d53">
    <Description>这些设置为本地测试运行的默认测试设置。</Description>
    <Deployment userDeploymentRoot="G:\bowlingGameScoring\TestResults" useDefaultDeploymentRoot="false" enabled="false" runDeploymentRoot="shawn_SHAWNPC 2012-04-17 22_22_52">
      <DeploymentItem filename="G:\bowlingGameScoring\bowlingGameScoring\bin\Debug\bowlingGameScoring.exe" />
    </Deployment>
    <Execution>
      <TestTypeSpecific />
      <AgentRule name="Execution Agents">
      </AgentRule>
    </Execution>
  </TestSettings>
  <Times creation="2012-04-17T22:22:52.3813615+08:00" queuing="2012-04-17T22:22:55.8515599+08:00" start="2012-04-17T22:22:56.1785786+08:00" finish="2012-04-17T22:23:23.2681281+08:00" />
  <ResultSummary outcome="Failed">
    <Counters total="1" executed="1" error="0" failed="1" timeout="0" aborted="0" inconclusive="0" passedButRunAborted="0" notRunnable="0" notExecuted="0" disconnected="0" warning="0" passed="0" completed="0" inProgress="0" pending="0" />
  </ResultSummary>
  <TestDefinitions>
    <UnitTest name="TestGameScore" storage="g:\bowlinggamescoring\bowlinggamescoringtest\bin\debug\bowlinggamescoringtest.dll" id="c719e108-99f3-9347-daca-1bc4a0e9aa2c">
      <Execution id="bfef19a5-02a8-40b9-bdc5-6749b83419b4" />
      <TestMethod codeBase="G:/bowlingGameScoring/bowlingGameScoringTest/bin/Debug/bowlingGameScoringTest.DLL" adapterTypeName="Microsoft.VisualStudio.TestTools.TestTypes.Unit.UnitTestAdapter, Microsoft.VisualStudio.QualityTools.Tips.UnitTest.Adapter, Version=10.0.0.0, Culture=neutral, PublicKeyToken=b03f5f7f11d50a3a" className="bowlingGameScoringTest.GameTest, bowlingGameScoringTest, Version=1.0.0.0, Culture=neutral, PublicKeyToken=null" name="TestGameScore" />
    </UnitTest>
  </TestDefinitions>
  <TestLists>
    <TestList name="列表中未列出的结果" id="8c84fa94-04c1-424b-9868-57a2d4851a1d" />
    <TestList name="所有已加载的结果" id="19431567-8539-422a-85d7-44ee4e166bda" />
  </TestLists>
  <TestEntries>
    <TestEntry testId="c719e108-99f3-9347-daca-1bc4a0e9aa2c" executionId="bfef19a5-02a8-40b9-bdc5-6749b83419b4" testListId="8c84fa94-04c1-424b-9868-57a2d4851a1d" />
  </TestEntries>
  <Results>
    <UnitTestResult executionId="bfef19a5-02a8-40b9-bdc5-6749b83419b4" testId="c719e108-99f3-9347-daca-1bc4a0e9aa2c" testName="TestGameScore" computerName="SHAWNPC" duration="00:00:24.9449453" startTime="2012-04-17T22:22:56.3945910+08:00" endTime="2012-04-17T22:23:22.8021014+08:00" testType="13cdc9d9-ddb5-4fa4-a97d-d965ccfc6d4b" outcome="Failed" testListId="8c84fa94-04c1-424b-9868-57a2d4851a1d" relativeResultsDirectory="bfef19a5-02a8-40b9-bdc5-6749b83419b4">
      <Output>
        <ErrorInfo>
          <Message>测试方法 bowlingGameScoringTest.GameTest.TestGameScore 引发了异常: 
System.IndexOutOfRangeException: 索引超出了数组界限。</Message>
          <StackTrace>    在 bowlingGameScoring.BowlingGame.CalculateScoring() 位置 G:\bowlingGameScoring\bowlingGameScoring\BowlingGame.cs:行号 38
   在 bowlingGameScoringTest.GameTest.TestGameScore() 位置 G:\bowlingGameScoring\bowlingGameScoringTest\GameTest.cs:行号 70
</StackTrace>
        </ErrorInfo>
      </Output>
    </UnitTestResult>
  </Results>
</TestRun>